<?xml version="1.0" encoding="UTF-8"?>
<testsuite xmlns:xsi="http://www.w3.org/2001/XMLSchema-instance" xsi:noNamespaceSchemaLocation="https://maven.apache.org/surefire/maven-surefire-plugin/xsd/surefire-test-report-3.0.xsd" version="3.0" name="com.evgo.locking.DistributedLockServiceTest$ReleaseLockTests" time="0.026" tests="3" errors="0" skipped="0" failures="0">
  <properties>
[...]
</properties>
  <testcase name="shouldNotThrow_whenRedissonUnavailableOnRelease" classname="com.evgo.locking.DistributedLockServiceTest$ReleaseLockTests" time="0.009">
    <system-out><![CDATA[15:23:47.890 [main] WARN com.evgo.locking.DistributedLockService -- Error releasing lock – Redisson unavailable: key=slot:lock:1, error=Redis connection lost
]]></system-out>
  </testcase>
  <testcase name="shouldCallUnlock_whenHeldByCurrentThread" classname="com.evgo.locking.DistributedLockServiceTest$ReleaseLockTests" time="0.005">
    <system-out><![CDATA[15:23:47.897 [main] INFO com.evgo.locking.DistributedLockService -- Distributed lock released: key=slot:lock:1
]]></system-out>
  </testcase>
  <testcase name="shouldNotCallUnlock_whenNotHeldByCurrentThread" classname="com.evgo.locking.DistributedLockServiceTest$ReleaseLockTests" time="0.006"/>
</testsuite>